<?xml version="1.0" encoding="utf-8"?><testsuites name="pytest tests"><testsuite name="pytest" errors="0" failures="0" skipped="0" tests="14" time="11.387" timestamp="2026-04-04T08:26:02.452088+00:00" hostname="agent-env-7fdc54df-f7d9-423b-9a11-f40237946bbe"><testcase classname="backend.tests.test_api.TestHealthAndRoot" name="test_root_endpoint" time="0.249" /><testcase classname="backend.tests.test_api.TestAuthentication" name="test_login_success" time="0.360" /><testcase classname="backend.tests.test_api.TestAuthentication" name="test_login_invalid_credentials" time="0.102" /><testcase classname="backend.tests.test_api.TestAuthentication" name="test_get_current_user" time="0.458" /><testcase classname="backend.tests.test_api.TestAuthentication" name="test_get_user_without_token" time="0.109" /><testcase classname="backend.tests.test_api.TestChatEndpoints" name="test_get_suggested_topics" time="0.459" /><testcase classname="backend.tests.test_api.TestChatEndpoints" name="test_send_chat_message" time="4.533" /><testcase classname="backend.tests.test_api.TestChatEndpoints" name="test_quick_action" time="2.130" /><testcase classname="backend.tests.test_api.TestChatEndpoints" name="test_get_chat_history" time="0.440" /><testcase classname="backend.tests.test_api.TestGameEndpoints" name="test_get_game_stats" time="0.425" /><testcase classname="backend.tests.test_api.TestGameEndpoints" name="test_create_game_session" time="0.535" /><testcase classname="backend.tests.test_api.TestGameEndpoints" name="test_get_game_sessions" time="0.429" /><testcase classname="backend.tests.test_api.TestAnalyticsEndpoints" name="test_get_analytics_dashboard" time="0.435" /><testcase classname="backend.tests.test_api.TestLearningProfile" name="test_get_learning_profile" time="0.428" /></testsuite></testsuites>