<?xml version="1.0" encoding="utf-8"?><testsuites name="pytest tests"><testsuite name="pytest" errors="0" failures="0" skipped="0" tests="14" time="10.986" timestamp="2026-04-04T08:50:07.484349+00:00" hostname="agent-env-7fdc54df-f7d9-423b-9a11-f40237946bbe"><testcase classname="backend.tests.test_api.TestHealthAndRoot" name="test_root_endpoint" time="0.264" /><testcase classname="backend.tests.test_api.TestAuthentication" name="test_login_success" time="0.368" /><testcase classname="backend.tests.test_api.TestAuthentication" name="test_login_invalid_credentials" time="0.130" /><testcase classname="backend.tests.test_api.TestAuthentication" name="test_get_current_user" time="0.523" /><testcase classname="backend.tests.test_api.TestAuthentication" name="test_get_user_without_token" time="0.106" /><testcase classname="backend.tests.test_api.TestChatEndpoints" name="test_get_suggested_topics" time="0.453" /><testcase classname="backend.tests.test_api.TestChatEndpoints" name="test_send_chat_message" time="4.057" /><testcase classname="backend.tests.test_api.TestChatEndpoints" name="test_quick_action" time="2.141" /><testcase classname="backend.tests.test_api.TestChatEndpoints" name="test_get_chat_history" time="0.453" /><testcase classname="backend.tests.test_api.TestGameEndpoints" name="test_get_game_stats" time="0.412" /><testcase classname="backend.tests.test_api.TestGameEndpoints" name="test_create_game_session" time="0.504" /><testcase classname="backend.tests.test_api.TestGameEndpoints" name="test_get_game_sessions" time="0.444" /><testcase classname="backend.tests.test_api.TestAnalyticsEndpoints" name="test_get_analytics_dashboard" time="0.420" /><testcase classname="backend.tests.test_api.TestLearningProfile" name="test_get_learning_profile" time="0.422" /></testsuite></testsuites>